   ▲ Next.js 15.5.18
   - Local:        http://localhost:3001
   - Network:      http://192.168.0.41:3001
   - Environments: .env.local

 ✓ Starting...
 ✓ Ready in 1718ms
 ○ Compiling /login ...
 ✓ Compiled /login in 4.5s (885 modules)
 ✓ Compiled in 775ms (262 modules)
 GET /login 200 in 96ms
 ✓ Compiled in 196ms (262 modules)
 ✓ Compiled in 142ms (262 modules)
 ✓ Compiled in 134ms (262 modules)
 ✓ Compiled in 147ms (262 modules)
 ○ Compiling / ...
 ✓ Compiled / in 735ms (928 modules)
 GET / 200 in 1249ms
 GET / 200 in 108ms
 ○ Compiling /product/[slug] ...
 ✓ Compiled /product/[slug] in 662ms (951 modules)
 GET /login 200 in 1091ms
 GET /product/whole-chicken 200 in 1475ms
 ○ Compiling /middleware ...
 ✓ Compiled /middleware in 1576ms (1234 modules)
 GET /checkout 200 in 2178ms
<w> [webpack.cache.PackFileCacheStrategy] Serializing big strings (101kiB) impacts deserialization performance (consider using Buffer instead and decode when needed)
<w> [webpack.cache.PackFileCacheStrategy] Serializing big strings (231kiB) impacts deserialization performance (consider using Buffer instead and decode when needed)
 ○ Compiling /counter ...
 ✓ Compiled /counter in 1588ms (1306 modules)
 GET /counter 200 in 2098ms
 POST /login 303 in 4357ms
 POST /checkout 200 in 164ms
 POST /counter 200 in 246ms
 POST /counter 200 in 234ms
 ✓ Compiled in 330ms (369 modules)
 ✓ Compiled in 155ms (369 modules)
 GET / 200 in 268ms
 GET / 200 in 116ms
 GET /product/whole-chicken 200 in 231ms
 GET /checkout 200 in 155ms
 ✓ Compiled in 175ms (369 modules)
 GET / 200 in 97ms
 GET / 200 in 100ms
 GET /product/whole-chicken 200 in 171ms
 GET /checkout 200 in 148ms
 POST /checkout 200 in 38ms
 ○ Compiling /order/[orderRef] ...
 ✓ Compiled /order/[orderRef] in 652ms (1221 modules)
 GET /order/PTM-2026-00001 200 in 1687ms
 ✓ Compiled /login in 305ms (874 modules)
 GET /login 200 in 628ms
 ○ Compiling /admin ...
 ✓ Compiled /admin in 522ms (1237 modules)
 GET /admin 200 in 740ms
 POST /login 303 in 1043ms
 ✓ Compiled /counter in 298ms (966 modules)
 GET /counter 200 in 850ms
 POST /counter 200 in 302ms
 ✓ Compiled in 182ms (370 modules)
 ✓ Compiled in 157ms (370 modules)
 ✓ Compiled in 135ms (370 modules)
 GET / 200 in 111ms
 GET / 200 in 83ms
 GET /product/whole-chicken 200 in 195ms
 GET /checkout 200 in 196ms
 POST /checkout 200 in 40ms
 GET /order/PTM-2026-00002 200 in 184ms
 GET /login 200 in 108ms
 GET /admin 200 in 137ms
 POST /login 303 in 338ms
 GET /order/PTM-2026-00002 200 in 722ms
 ○ Compiling /order/[orderRef]/cancel ...
 ✓ Compiled /order/[orderRef]/cancel in 1310ms (1337 modules)
 GET /order/PTM-2026-00002/cancel 200 in 2311ms
 POST /order/PTM-2026-00002/cancel 200 in 129ms
 ✓ Compiled in 177ms (374 modules)
 ✓ Compiled in 137ms (374 modules)
 GET / 200 in 108ms
 GET / 200 in 78ms
 GET /login 200 in 133ms
 GET /counter 200 in 196ms
 POST /login 303 in 426ms
 POST /counter 200 in 277ms
 POST /counter 200 in 248ms
 POST /counter 200 in 181ms
